set log_output to "STM32F303_PCB_KanbanDPE_20250910_1442.log"
Info : Listening on port 6666 for tcl connections
Info : Listening on port 4444 for telnet connections
Info : STLINK V2J37M26 (API v2) VID:PID 0483:374B
Info : Target voltage: 2.917842
Info : clock speed 950 kHz
Info : stlink_dap_op_connect(connect)
Info : SWD DPIDR 0x2ba01477
Info : [stm32f3x.cpu] Cortex-M4 r0p1 processor detected
Info : [stm32f3x.cpu] target has 6 breakpoints, 4 watchpoints
Info : [stm32f3x.cpu] Examination succeed
Info : [stm32f3x.cpu] starting gdb server on 3333
Info : Listening on port 3333 for gdb connections
Info : accepting 'gdb' connection on tcp/3333
Info : device id = 0x10036422
Info : flash size = 256 KiB
undefined debug reason 8 (UNDEFINED) - target needs reset
[stm32f3x.cpu] halted due to debug-request, current mode: Thread 
xPSR: 0x01000000 pc: 0x08000194 msp: 0x2000a000
Info : Unable to match requested speed 8000 kHz, using 4000 kHz
Info : Unable to match requested speed 8000 kHz, using 4000 kHz
[stm32f3x.cpu] halted due to debug-request, current mode: Thread 
xPSR: 0x01000000 pc: 0x08000194 msp: 0x2000a000
Info : dropped 'gdb' connection (error -400)
shutdown command invoked
